2026-06-16T09:46:29.963Z  INFO 1 --- [main] com.structurizr.server.Local             : ***********************************************************************************
2026-06-16T09:46:29.969Z  INFO 1 --- [main] com.structurizr.server.Local             :   _____ _                   _              _          
2026-06-16T09:46:29.969Z  INFO 1 --- [main] com.structurizr.server.Local             :  / ____| |                 | |            (_)         
2026-06-16T09:46:29.969Z  INFO 1 --- [main] com.structurizr.server.Local             : | (___ | |_ _ __ _   _  ___| |_ _   _ _ __ _ _____ __ 
2026-06-16T09:46:29.970Z  INFO 1 --- [main] com.structurizr.server.Local             :  \___ \| __| '__| | | |/ __| __| | | | '__| |_  / '__|
2026-06-16T09:46:29.970Z  INFO 1 --- [main] com.structurizr.server.Local             :  ____) | |_| |  | |_| | (__| |_| |_| | |  | |/ /| |   
2026-06-16T09:46:29.970Z  INFO 1 --- [main] com.structurizr.server.Local             : |_____/ \__|_|   \__,_|\___|\__|\__,_|_|  |_/___|_|   
2026-06-16T09:46:29.970Z  INFO 1 --- [main] com.structurizr.server.Local             :                                                       
2026-06-16T09:46:29.970Z  INFO 1 --- [main] com.structurizr.server.Local             : Local v2026.05.22
2026-06-16T09:46:29.970Z  INFO 1 --- [main] com.structurizr.server.Local             : ***********************************************************************************
2026-06-16T09:46:29.971Z  INFO 1 --- [main] com.structurizr.server.Local             :  - structurizr.authentication: none
2026-06-16T09:46:29.972Z  INFO 1 --- [main] com.structurizr.server.Local             :  - structurizr.autorefreshinterval: 0
2026-06-16T09:46:29.973Z  INFO 1 --- [main] com.structurizr.server.Local             :  - structurizr.autosaveinterval: 5000
2026-06-16T09:46:29.973Z  INFO 1 --- [main] com.structurizr.server.Local             :  - structurizr.cache: none
2026-06-16T09:46:29.973Z  INFO 1 --- [main] com.structurizr.server.Local             :  - structurizr.data: file
2026-06-16T09:46:29.974Z  INFO 1 --- [main] com.structurizr.server.Local             :  - structurizr.datadirectory: /usr/local/structurizr
2026-06-16T09:46:29.974Z  INFO 1 --- [main] com.structurizr.server.Local             :  - structurizr.debug: false
2026-06-16T09:46:29.975Z  INFO 1 --- [main] com.structurizr.server.Local             :  - structurizr.editable: true
2026-06-16T09:46:29.975Z  INFO 1 --- [main] com.structurizr.server.Local             :  - structurizr.logging.filename: /usr/local/structurizr/.structurizr/logs/structurizr.log
2026-06-16T09:46:29.976Z  INFO 1 --- [main] com.structurizr.server.Local             :  - structurizr.network.timeout: 60000
2026-06-16T09:46:29.976Z  INFO 1 --- [main] com.structurizr.server.Local             :  - structurizr.network.urls.allowed: .*
2026-06-16T09:46:29.976Z  INFO 1 --- [main] com.structurizr.server.Local             :  - structurizr.search: lucene
2026-06-16T09:46:29.976Z  INFO 1 --- [main] com.structurizr.server.Local             :  - structurizr.themes: /usr/local/structurizr/themes/
2026-06-16T09:46:29.976Z  INFO 1 --- [main] com.structurizr.server.Local             :  - structurizr.workspace.maxsize: 1MB
2026-06-16T09:46:29.976Z  INFO 1 --- [main] com.structurizr.server.Local             :  - structurizr.workspace.threads: 10
2026-06-16T09:46:29.976Z  INFO 1 --- [main] com.structurizr.server.Local             :  - structurizr.workspaces: 1
2026-06-16T09:46:29.976Z  INFO 1 --- [main] com.structurizr.server.Local             : ***********************************************************************************
2026-06-16T09:46:29.977Z  INFO 1 --- [main] com.structurizr.server.Local             : Themes:
2026-06-16T09:46:29.977Z  INFO 1 --- [main] com.structurizr.server.Local             : ***********************************************************************************
2026-06-16T09:46:35.788Z  WARN 1 --- [pool-4-thread-1] c.s.server.web.search.SearchIndexer      : Error indexing workspace with ID 1

com.structurizr.server.component.workspace.WorkspaceComponentException: com.structurizr.dsl.StructurizrDslParserException: Unexpected tokens (expected: group, deploymentGroup, deploymentNode, ->) at line 118 of /usr/local/structurizr/workspace.dsl: cfNode = infrastructureNode "Cloudflare DNS" "A michelin.shost.fr + *.michelin.shost.fr (DNS-only)." "External"
	at com.structurizr.server.component.workspace.LocalFileSystemWorkspaceAdapter.loadWorkspace(LocalFileSystemWorkspaceAdapter.java:70) ~[!/:2026.05.22]
	at com.structurizr.server.component.workspace.LocalFileSystemWorkspaceAdapter.getWorkspace(LocalFileSystemWorkspaceAdapter.java:151) ~[!/:2026.05.22]
	at com.structurizr.server.component.workspace.WorkspaceComponentImpl.getWorkspace(WorkspaceComponentImpl.java:206) ~[!/:2026.05.22]
	at com.structurizr.server.web.search.SearchIndexer.lambda$rebuildSearchIndex$0(SearchIndexer.java:52) ~[!/:2026.05.22]
	at java.base/java.util.concurrent.Executors$RunnableAdapter.call(Unknown Source) ~[na:na]
	at java.base/java.util.concurrent.FutureTask.run(Unknown Source) ~[na:na]
	at java.base/java.util.concurrent.ThreadPoolExecutor.runWorker(Unknown Source) ~[na:na]
	at java.base/java.util.concurrent.ThreadPoolExecutor$Worker.run(Unknown Source) ~[na:na]
	at java.base/java.lang.Thread.run(Unknown Source) ~[na:na]
Caused by: com.structurizr.dsl.StructurizrDslParserException: Unexpected tokens (expected: group, deploymentGroup, deploymentNode, ->) at line 118 of /usr/local/structurizr/workspace.dsl: cfNode = infrastructureNode "Cloudflare DNS" "A michelin.shost.fr + *.michelin.shost.fr (DNS-only)." "External"
	at com.structurizr.dsl.StructurizrDslParser.parse(StructurizrDslParser.java:1369) ~[structurizr-dsl-6.2.1.jar!/:6.2.1]
	at com.structurizr.dsl.StructurizrDslParser.parse(StructurizrDslParser.java:188) ~[structurizr-dsl-6.2.1.jar!/:6.2.1]
	at com.structurizr.server.component.workspace.LocalFileSystemWorkspaceAdapter.loadWorkspaceFromDsl(LocalFileSystemWorkspaceAdapter.java:113) ~[!/:2026.05.22]
	at com.structurizr.server.component.workspace.LocalFileSystemWorkspaceAdapter.loadWorkspace(LocalFileSystemWorkspaceAdapter.java:68) ~[!/:2026.05.22]
	... 8 common frames omitted

2026-06-16T09:46:59.934Z  WARN 1 --- [http-nio-8080-exec-3] .w.s.m.s.DefaultHandlerExceptionResolver : Resolved [org.springframework.web.method.annotation.MethodArgumentTypeMismatchException: Method parameter 'workspaceId': Failed to convert value of type 'java.lang.String' to required type 'long'; For input string: "diagrams"]
2026-06-16T09:47:40.816Z  INFO 1 --- [SpringApplicationShutdownHook] com.structurizr.server.AbstractServer    : ********************************************************
2026-06-16T09:47:40.817Z  INFO 1 --- [SpringApplicationShutdownHook] com.structurizr.server.AbstractServer    :  Stopping Structurizr
2026-06-16T09:47:40.817Z  INFO 1 --- [SpringApplicationShutdownHook] com.structurizr.server.AbstractServer    : ********************************************************
2026-06-16T09:47:41.833Z  INFO 1 --- [main] com.structurizr.server.Local             : ***********************************************************************************
2026-06-16T09:47:41.835Z  INFO 1 --- [main] com.structurizr.server.Local             :   _____ _                   _              _          
2026-06-16T09:47:41.835Z  INFO 1 --- [main] com.structurizr.server.Local             :  / ____| |                 | |            (_)         
2026-06-16T09:47:41.835Z  INFO 1 --- [main] com.structurizr.server.Local             : | (___ | |_ _ __ _   _  ___| |_ _   _ _ __ _ _____ __ 
2026-06-16T09:47:41.835Z  INFO 1 --- [main] com.structurizr.server.Local             :  \___ \| __| '__| | | |/ __| __| | | | '__| |_  / '__|
2026-06-16T09:47:41.835Z  INFO 1 --- [main] com.structurizr.server.Local             :  ____) | |_| |  | |_| | (__| |_| |_| | |  | |/ /| |   
2026-06-16T09:47:41.835Z  INFO 1 --- [main] com.structurizr.server.Local             : |_____/ \__|_|   \__,_|\___|\__|\__,_|_|  |_/___|_|   
2026-06-16T09:47:41.835Z  INFO 1 --- [main] com.structurizr.server.Local             :                                                       
2026-06-16T09:47:41.837Z  INFO 1 --- [main] com.structurizr.server.Local             : Local v2026.05.22
2026-06-16T09:47:41.838Z  INFO 1 --- [main] com.structurizr.server.Local             : ***********************************************************************************
2026-06-16T09:47:41.838Z  INFO 1 --- [main] com.structurizr.server.Local             :  - structurizr.authentication: none
2026-06-16T09:47:41.838Z  INFO 1 --- [main] com.structurizr.server.Local             :  - structurizr.autorefreshinterval: 0
2026-06-16T09:47:41.838Z  INFO 1 --- [main] com.structurizr.server.Local             :  - structurizr.autosaveinterval: 5000
2026-06-16T09:47:41.838Z  INFO 1 --- [main] com.structurizr.server.Local             :  - structurizr.cache: none
2026-06-16T09:47:41.839Z  INFO 1 --- [main] com.structurizr.server.Local             :  - structurizr.data: file
2026-06-16T09:47:41.839Z  INFO 1 --- [main] com.structurizr.server.Local             :  - structurizr.datadirectory: /usr/local/structurizr
2026-06-16T09:47:41.839Z  INFO 1 --- [main] com.structurizr.server.Local             :  - structurizr.debug: false
2026-06-16T09:47:41.839Z  INFO 1 --- [main] com.structurizr.server.Local             :  - structurizr.editable: true
2026-06-16T09:47:41.839Z  INFO 1 --- [main] com.structurizr.server.Local             :  - structurizr.logging.filename: /usr/local/structurizr/.structurizr/logs/structurizr.log
2026-06-16T09:47:41.839Z  INFO 1 --- [main] com.structurizr.server.Local             :  - structurizr.network.timeout: 60000
2026-06-16T09:47:41.839Z  INFO 1 --- [main] com.structurizr.server.Local             :  - structurizr.network.urls.allowed: .*
2026-06-16T09:47:41.840Z  INFO 1 --- [main] com.structurizr.server.Local             :  - structurizr.search: lucene
2026-06-16T09:47:41.840Z  INFO 1 --- [main] com.structurizr.server.Local             :  - structurizr.themes: /usr/local/structurizr/themes/
2026-06-16T09:47:41.840Z  INFO 1 --- [main] com.structurizr.server.Local             :  - structurizr.workspace.maxsize: 1MB
2026-06-16T09:47:41.840Z  INFO 1 --- [main] com.structurizr.server.Local             :  - structurizr.workspace.threads: 10
2026-06-16T09:47:41.840Z  INFO 1 --- [main] com.structurizr.server.Local             :  - structurizr.workspaces: 1
2026-06-16T09:47:41.840Z  INFO 1 --- [main] com.structurizr.server.Local             : ***********************************************************************************
2026-06-16T09:47:41.840Z  INFO 1 --- [main] com.structurizr.server.Local             : Themes:
2026-06-16T09:47:41.841Z  INFO 1 --- [main] com.structurizr.server.Local             : ***********************************************************************************
2026-06-16T09:47:47.418Z  WARN 1 --- [pool-4-thread-1] c.s.server.web.search.SearchIndexer      : Error indexing workspace with ID 1

com.structurizr.server.component.workspace.WorkspaceComponentException: com.structurizr.dsl.StructurizrDslParserException: The source element "cfNode" does not exist at line 122 of /usr/local/structurizr/workspace.dsl: cfNode -> pipNode "Résout vers"
	at com.structurizr.server.component.workspace.LocalFileSystemWorkspaceAdapter.loadWorkspace(LocalFileSystemWorkspaceAdapter.java:70) ~[!/:2026.05.22]
	at com.structurizr.server.component.workspace.LocalFileSystemWorkspaceAdapter.getWorkspace(LocalFileSystemWorkspaceAdapter.java:151) ~[!/:2026.05.22]
	at com.structurizr.server.component.workspace.WorkspaceComponentImpl.getWorkspace(WorkspaceComponentImpl.java:206) ~[!/:2026.05.22]
	at com.structurizr.server.web.search.SearchIndexer.lambda$rebuildSearchIndex$0(SearchIndexer.java:52) ~[!/:2026.05.22]
	at java.base/java.util.concurrent.Executors$RunnableAdapter.call(Unknown Source) ~[na:na]
	at java.base/java.util.concurrent.FutureTask.run(Unknown Source) ~[na:na]
	at java.base/java.util.concurrent.ThreadPoolExecutor.runWorker(Unknown Source) ~[na:na]
	at java.base/java.util.concurrent.ThreadPoolExecutor$Worker.run(Unknown Source) ~[na:na]
	at java.base/java.lang.Thread.run(Unknown Source) ~[na:na]
Caused by: com.structurizr.dsl.StructurizrDslParserException: The source element "cfNode" does not exist at line 122 of /usr/local/structurizr/workspace.dsl: cfNode -> pipNode "Résout vers"
	at com.structurizr.dsl.StructurizrDslParser.parse(StructurizrDslParser.java:1369) ~[structurizr-dsl-6.2.1.jar!/:6.2.1]
	at com.structurizr.dsl.StructurizrDslParser.parse(StructurizrDslParser.java:188) ~[structurizr-dsl-6.2.1.jar!/:6.2.1]
	at com.structurizr.server.component.workspace.LocalFileSystemWorkspaceAdapter.loadWorkspaceFromDsl(LocalFileSystemWorkspaceAdapter.java:113) ~[!/:2026.05.22]
	at com.structurizr.server.component.workspace.LocalFileSystemWorkspaceAdapter.loadWorkspace(LocalFileSystemWorkspaceAdapter.java:68) ~[!/:2026.05.22]
	... 8 common frames omitted

2026-06-16T09:49:41.682Z  INFO 1 --- [main] com.structurizr.server.Local             : ***********************************************************************************
2026-06-16T09:49:41.685Z  INFO 1 --- [main] com.structurizr.server.Local             :   _____ _                   _              _          
2026-06-16T09:49:41.685Z  INFO 1 --- [main] com.structurizr.server.Local             :  / ____| |                 | |            (_)         
2026-06-16T09:49:41.685Z  INFO 1 --- [main] com.structurizr.server.Local             : | (___ | |_ _ __ _   _  ___| |_ _   _ _ __ _ _____ __ 
2026-06-16T09:49:41.686Z  INFO 1 --- [main] com.structurizr.server.Local             :  \___ \| __| '__| | | |/ __| __| | | | '__| |_  / '__|
2026-06-16T09:49:41.686Z  INFO 1 --- [main] com.structurizr.server.Local             :  ____) | |_| |  | |_| | (__| |_| |_| | |  | |/ /| |   
2026-06-16T09:49:41.687Z  INFO 1 --- [main] com.structurizr.server.Local             : |_____/ \__|_|   \__,_|\___|\__|\__,_|_|  |_/___|_|   
2026-06-16T09:49:41.687Z  INFO 1 --- [main] com.structurizr.server.Local             :                                                       
2026-06-16T09:49:41.687Z  INFO 1 --- [main] com.structurizr.server.Local             : Local v2026.05.22
2026-06-16T09:49:41.688Z  INFO 1 --- [main] com.structurizr.server.Local             : ***********************************************************************************
2026-06-16T09:49:41.689Z  INFO 1 --- [main] com.structurizr.server.Local             :  - structurizr.authentication: none
2026-06-16T09:49:41.689Z  INFO 1 --- [main] com.structurizr.server.Local             :  - structurizr.autorefreshinterval: 0
2026-06-16T09:49:41.689Z  INFO 1 --- [main] com.structurizr.server.Local             :  - structurizr.autosaveinterval: 5000
2026-06-16T09:49:41.689Z  INFO 1 --- [main] com.structurizr.server.Local             :  - structurizr.cache: none
2026-06-16T09:49:41.689Z  INFO 1 --- [main] com.structurizr.server.Local             :  - structurizr.data: file
2026-06-16T09:49:41.690Z  INFO 1 --- [main] com.structurizr.server.Local             :  - structurizr.datadirectory: /usr/local/structurizr
2026-06-16T09:49:41.690Z  INFO 1 --- [main] com.structurizr.server.Local             :  - structurizr.debug: false
2026-06-16T09:49:41.690Z  INFO 1 --- [main] com.structurizr.server.Local             :  - structurizr.editable: true
2026-06-16T09:49:41.690Z  INFO 1 --- [main] com.structurizr.server.Local             :  - structurizr.logging.filename: /usr/local/structurizr/.structurizr/logs/structurizr.log
2026-06-16T09:49:41.690Z  INFO 1 --- [main] com.structurizr.server.Local             :  - structurizr.network.timeout: 60000
2026-06-16T09:49:41.690Z  INFO 1 --- [main] com.structurizr.server.Local             :  - structurizr.network.urls.allowed: .*
2026-06-16T09:49:41.693Z  INFO 1 --- [main] com.structurizr.server.Local             :  - structurizr.search: lucene
2026-06-16T09:49:41.694Z  INFO 1 --- [main] com.structurizr.server.Local             :  - structurizr.themes: /usr/local/structurizr/themes/
2026-06-16T09:49:41.694Z  INFO 1 --- [main] com.structurizr.server.Local             :  - structurizr.workspace.maxsize: 1MB
2026-06-16T09:49:41.694Z  INFO 1 --- [main] com.structurizr.server.Local             :  - structurizr.workspace.threads: 10
2026-06-16T09:49:41.694Z  INFO 1 --- [main] com.structurizr.server.Local             :  - structurizr.workspaces: 1
2026-06-16T09:49:41.694Z  INFO 1 --- [main] com.structurizr.server.Local             : ***********************************************************************************
2026-06-16T09:49:41.694Z  INFO 1 --- [main] com.structurizr.server.Local             : Themes:
2026-06-16T09:49:41.694Z  INFO 1 --- [main] com.structurizr.server.Local             : ***********************************************************************************
2026-06-16T09:49:47.184Z  WARN 1 --- [pool-4-thread-1] c.s.server.web.search.SearchIndexer      : Error indexing workspace with ID 1

com.structurizr.server.component.workspace.WorkspaceComponentException: com.structurizr.dsl.StructurizrDslParserException: The source element "cfNode" does not exist at line 122 of /usr/local/structurizr/workspace.dsl: cfNode -> pipNode "Résout vers"
	at com.structurizr.server.component.workspace.LocalFileSystemWorkspaceAdapter.loadWorkspace(LocalFileSystemWorkspaceAdapter.java:70) ~[!/:2026.05.22]
	at com.structurizr.server.component.workspace.LocalFileSystemWorkspaceAdapter.getWorkspace(LocalFileSystemWorkspaceAdapter.java:151) ~[!/:2026.05.22]
	at com.structurizr.server.component.workspace.WorkspaceComponentImpl.getWorkspace(WorkspaceComponentImpl.java:206) ~[!/:2026.05.22]
	at com.structurizr.server.web.search.SearchIndexer.lambda$rebuildSearchIndex$0(SearchIndexer.java:52) ~[!/:2026.05.22]
	at java.base/java.util.concurrent.Executors$RunnableAdapter.call(Unknown Source) ~[na:na]
	at java.base/java.util.concurrent.FutureTask.run(Unknown Source) ~[na:na]
	at java.base/java.util.concurrent.ThreadPoolExecutor.runWorker(Unknown Source) ~[na:na]
	at java.base/java.util.concurrent.ThreadPoolExecutor$Worker.run(Unknown Source) ~[na:na]
	at java.base/java.lang.Thread.run(Unknown Source) ~[na:na]
Caused by: com.structurizr.dsl.StructurizrDslParserException: The source element "cfNode" does not exist at line 122 of /usr/local/structurizr/workspace.dsl: cfNode -> pipNode "Résout vers"
	at com.structurizr.dsl.StructurizrDslParser.parse(StructurizrDslParser.java:1369) ~[structurizr-dsl-6.2.1.jar!/:6.2.1]
	at com.structurizr.dsl.StructurizrDslParser.parse(StructurizrDslParser.java:188) ~[structurizr-dsl-6.2.1.jar!/:6.2.1]
	at com.structurizr.server.component.workspace.LocalFileSystemWorkspaceAdapter.loadWorkspaceFromDsl(LocalFileSystemWorkspaceAdapter.java:113) ~[!/:2026.05.22]
	at com.structurizr.server.component.workspace.LocalFileSystemWorkspaceAdapter.loadWorkspace(LocalFileSystemWorkspaceAdapter.java:68) ~[!/:2026.05.22]
	... 8 common frames omitted

2026-06-16T09:51:39.149Z  INFO 1 --- [main] com.structurizr.server.Local             : ***********************************************************************************
2026-06-16T09:51:39.151Z  INFO 1 --- [main] com.structurizr.server.Local             :   _____ _                   _              _          
2026-06-16T09:51:39.151Z  INFO 1 --- [main] com.structurizr.server.Local             :  / ____| |                 | |            (_)         
2026-06-16T09:51:39.151Z  INFO 1 --- [main] com.structurizr.server.Local             : | (___ | |_ _ __ _   _  ___| |_ _   _ _ __ _ _____ __ 
2026-06-16T09:51:39.151Z  INFO 1 --- [main] com.structurizr.server.Local             :  \___ \| __| '__| | | |/ __| __| | | | '__| |_  / '__|
2026-06-16T09:51:39.151Z  INFO 1 --- [main] com.structurizr.server.Local             :  ____) | |_| |  | |_| | (__| |_| |_| | |  | |/ /| |   
2026-06-16T09:51:39.152Z  INFO 1 --- [main] com.structurizr.server.Local             : |_____/ \__|_|   \__,_|\___|\__|\__,_|_|  |_/___|_|   
2026-06-16T09:51:39.152Z  INFO 1 --- [main] com.structurizr.server.Local             :                                                       
2026-06-16T09:51:39.153Z  INFO 1 --- [main] com.structurizr.server.Local             : Local v2026.05.22
2026-06-16T09:51:39.154Z  INFO 1 --- [main] com.structurizr.server.Local             : ***********************************************************************************
2026-06-16T09:51:39.154Z  INFO 1 --- [main] com.structurizr.server.Local             :  - structurizr.authentication: none
2026-06-16T09:51:39.154Z  INFO 1 --- [main] com.structurizr.server.Local             :  - structurizr.autorefreshinterval: 0
2026-06-16T09:51:39.155Z  INFO 1 --- [main] com.structurizr.server.Local             :  - structurizr.autosaveinterval: 5000
2026-06-16T09:51:39.155Z  INFO 1 --- [main] com.structurizr.server.Local             :  - structurizr.cache: none
2026-06-16T09:51:39.155Z  INFO 1 --- [main] com.structurizr.server.Local             :  - structurizr.data: file
2026-06-16T09:51:39.155Z  INFO 1 --- [main] com.structurizr.server.Local             :  - structurizr.datadirectory: /usr/local/structurizr
2026-06-16T09:51:39.155Z  INFO 1 --- [main] com.structurizr.server.Local             :  - structurizr.debug: false
2026-06-16T09:51:39.155Z  INFO 1 --- [main] com.structurizr.server.Local             :  - structurizr.editable: true
2026-06-16T09:51:39.156Z  INFO 1 --- [main] com.structurizr.server.Local             :  - structurizr.logging.filename: /usr/local/structurizr/.structurizr/logs/structurizr.log
2026-06-16T09:51:39.156Z  INFO 1 --- [main] com.structurizr.server.Local             :  - structurizr.network.timeout: 60000
2026-06-16T09:51:39.156Z  INFO 1 --- [main] com.structurizr.server.Local             :  - structurizr.network.urls.allowed: .*
2026-06-16T09:51:39.156Z  INFO 1 --- [main] com.structurizr.server.Local             :  - structurizr.search: lucene
2026-06-16T09:51:39.156Z  INFO 1 --- [main] com.structurizr.server.Local             :  - structurizr.themes: /usr/local/structurizr/themes/
2026-06-16T09:51:39.156Z  INFO 1 --- [main] com.structurizr.server.Local             :  - structurizr.workspace.maxsize: 1MB
2026-06-16T09:51:39.156Z  INFO 1 --- [main] com.structurizr.server.Local             :  - structurizr.workspace.threads: 10
2026-06-16T09:51:39.157Z  INFO 1 --- [main] com.structurizr.server.Local             :  - structurizr.workspaces: 1
2026-06-16T09:51:39.157Z  INFO 1 --- [main] com.structurizr.server.Local             : ***********************************************************************************
2026-06-16T09:51:39.157Z  INFO 1 --- [main] com.structurizr.server.Local             : Themes:
2026-06-16T09:51:39.157Z  INFO 1 --- [main] com.structurizr.server.Local             : ***********************************************************************************
2026-06-16T09:51:44.679Z  WARN 1 --- [pool-4-thread-1] c.s.server.web.search.SearchIndexer      : Error indexing workspace with ID 1

com.structurizr.server.component.workspace.WorkspaceComponentException: com.structurizr.dsl.StructurizrDslParserException: View keys can only contain the following characters: a-zA-Z0-9_- at line 143 of /usr/local/structurizr/workspace.dsl: deployment shop "Production" "Déploiement" "Projection sur Azure / AKS." {
	at com.structurizr.server.component.workspace.LocalFileSystemWorkspaceAdapter.loadWorkspace(LocalFileSystemWorkspaceAdapter.java:70) ~[!/:2026.05.22]
	at com.structurizr.server.component.workspace.LocalFileSystemWorkspaceAdapter.getWorkspace(LocalFileSystemWorkspaceAdapter.java:151) ~[!/:2026.05.22]
	at com.structurizr.server.component.workspace.WorkspaceComponentImpl.getWorkspace(WorkspaceComponentImpl.java:206) ~[!/:2026.05.22]
	at com.structurizr.server.web.search.SearchIndexer.lambda$rebuildSearchIndex$0(SearchIndexer.java:52) ~[!/:2026.05.22]
	at java.base/java.util.concurrent.Executors$RunnableAdapter.call(Unknown Source) ~[na:na]
	at java.base/java.util.concurrent.FutureTask.run(Unknown Source) ~[na:na]
	at java.base/java.util.concurrent.ThreadPoolExecutor.runWorker(Unknown Source) ~[na:na]
	at java.base/java.util.concurrent.ThreadPoolExecutor$Worker.run(Unknown Source) ~[na:na]
	at java.base/java.lang.Thread.run(Unknown Source) ~[na:na]
Caused by: com.structurizr.dsl.StructurizrDslParserException: View keys can only contain the following characters: a-zA-Z0-9_- at line 143 of /usr/local/structurizr/workspace.dsl: deployment shop "Production" "Déploiement" "Projection sur Azure / AKS." {
	at com.structurizr.dsl.StructurizrDslParser.parse(StructurizrDslParser.java:1369) ~[structurizr-dsl-6.2.1.jar!/:6.2.1]
	at com.structurizr.dsl.StructurizrDslParser.parse(StructurizrDslParser.java:188) ~[structurizr-dsl-6.2.1.jar!/:6.2.1]
	at com.structurizr.server.component.workspace.LocalFileSystemWorkspaceAdapter.loadWorkspaceFromDsl(LocalFileSystemWorkspaceAdapter.java:113) ~[!/:2026.05.22]
	at com.structurizr.server.component.workspace.LocalFileSystemWorkspaceAdapter.loadWorkspace(LocalFileSystemWorkspaceAdapter.java:68) ~[!/:2026.05.22]
	... 8 common frames omitted

2026-06-16T09:52:56.181Z  INFO 1 --- [main] com.structurizr.server.Local             : ***********************************************************************************
2026-06-16T09:52:56.183Z  INFO 1 --- [main] com.structurizr.server.Local             :   _____ _                   _              _          
2026-06-16T09:52:56.183Z  INFO 1 --- [main] com.structurizr.server.Local             :  / ____| |                 | |            (_)         
2026-06-16T09:52:56.183Z  INFO 1 --- [main] com.structurizr.server.Local             : | (___ | |_ _ __ _   _  ___| |_ _   _ _ __ _ _____ __ 
2026-06-16T09:52:56.183Z  INFO 1 --- [main] com.structurizr.server.Local             :  \___ \| __| '__| | | |/ __| __| | | | '__| |_  / '__|
2026-06-16T09:52:56.183Z  INFO 1 --- [main] com.structurizr.server.Local             :  ____) | |_| |  | |_| | (__| |_| |_| | |  | |/ /| |   
2026-06-16T09:52:56.184Z  INFO 1 --- [main] com.structurizr.server.Local             : |_____/ \__|_|   \__,_|\___|\__|\__,_|_|  |_/___|_|   
2026-06-16T09:52:56.184Z  INFO 1 --- [main] com.structurizr.server.Local             :                                                       
2026-06-16T09:52:56.184Z  INFO 1 --- [main] com.structurizr.server.Local             : Local v2026.05.22
2026-06-16T09:52:56.184Z  INFO 1 --- [main] com.structurizr.server.Local             : ***********************************************************************************
2026-06-16T09:52:56.185Z  INFO 1 --- [main] com.structurizr.server.Local             :  - structurizr.authentication: none
2026-06-16T09:52:56.185Z  INFO 1 --- [main] com.structurizr.server.Local             :  - structurizr.autorefreshinterval: 0
2026-06-16T09:52:56.185Z  INFO 1 --- [main] com.structurizr.server.Local             :  - structurizr.autosaveinterval: 5000
2026-06-16T09:52:56.185Z  INFO 1 --- [main] com.structurizr.server.Local             :  - structurizr.cache: none
2026-06-16T09:52:56.185Z  INFO 1 --- [main] com.structurizr.server.Local             :  - structurizr.data: file
2026-06-16T09:52:56.186Z  INFO 1 --- [main] com.structurizr.server.Local             :  - structurizr.datadirectory: /usr/local/structurizr
2026-06-16T09:52:56.186Z  INFO 1 --- [main] com.structurizr.server.Local             :  - structurizr.debug: false
2026-06-16T09:52:56.186Z  INFO 1 --- [main] com.structurizr.server.Local             :  - structurizr.editable: true
2026-06-16T09:52:56.186Z  INFO 1 --- [main] com.structurizr.server.Local             :  - structurizr.logging.filename: /usr/local/structurizr/.structurizr/logs/structurizr.log
2026-06-16T09:52:56.186Z  INFO 1 --- [main] com.structurizr.server.Local             :  - structurizr.network.timeout: 60000
2026-06-16T09:52:56.186Z  INFO 1 --- [main] com.structurizr.server.Local             :  - structurizr.network.urls.allowed: .*
2026-06-16T09:52:56.186Z  INFO 1 --- [main] com.structurizr.server.Local             :  - structurizr.search: lucene
2026-06-16T09:52:56.187Z  INFO 1 --- [main] com.structurizr.server.Local             :  - structurizr.themes: /usr/local/structurizr/themes/
2026-06-16T09:52:56.187Z  INFO 1 --- [main] com.structurizr.server.Local             :  - structurizr.workspace.maxsize: 1MB
2026-06-16T09:52:56.187Z  INFO 1 --- [main] com.structurizr.server.Local             :  - structurizr.workspace.threads: 10
2026-06-16T09:52:56.187Z  INFO 1 --- [main] com.structurizr.server.Local             :  - structurizr.workspaces: 1
2026-06-16T09:52:56.187Z  INFO 1 --- [main] com.structurizr.server.Local             : ***********************************************************************************
2026-06-16T09:52:56.187Z  INFO 1 --- [main] com.structurizr.server.Local             : Themes:
2026-06-16T09:52:56.187Z  INFO 1 --- [main] com.structurizr.server.Local             : ***********************************************************************************
2026-06-16T10:23:28.755Z  INFO 1 --- [main] com.structurizr.server.Local             : ***********************************************************************************
2026-06-16T10:23:28.756Z  INFO 1 --- [main] com.structurizr.server.Local             :   _____ _                   _              _          
2026-06-16T10:23:28.757Z  INFO 1 --- [main] com.structurizr.server.Local             :  / ____| |                 | |            (_)         
2026-06-16T10:23:28.757Z  INFO 1 --- [main] com.structurizr.server.Local             : | (___ | |_ _ __ _   _  ___| |_ _   _ _ __ _ _____ __ 
2026-06-16T10:23:28.757Z  INFO 1 --- [main] com.structurizr.server.Local             :  \___ \| __| '__| | | |/ __| __| | | | '__| |_  / '__|
2026-06-16T10:23:28.757Z  INFO 1 --- [main] com.structurizr.server.Local             :  ____) | |_| |  | |_| | (__| |_| |_| | |  | |/ /| |   
2026-06-16T10:23:28.757Z  INFO 1 --- [main] com.structurizr.server.Local             : |_____/ \__|_|   \__,_|\___|\__|\__,_|_|  |_/___|_|   
2026-06-16T10:23:28.757Z  INFO 1 --- [main] com.structurizr.server.Local             :                                                       
2026-06-16T10:23:28.758Z  INFO 1 --- [main] com.structurizr.server.Local             : Local v2026.05.22
2026-06-16T10:23:28.758Z  INFO 1 --- [main] com.structurizr.server.Local             : ***********************************************************************************
2026-06-16T10:23:28.758Z  INFO 1 --- [main] com.structurizr.server.Local             :  - structurizr.authentication: none
2026-06-16T10:23:28.758Z  INFO 1 --- [main] com.structurizr.server.Local             :  - structurizr.autorefreshinterval: 0
2026-06-16T10:23:28.758Z  INFO 1 --- [main] com.structurizr.server.Local             :  - structurizr.autosaveinterval: 5000
2026-06-16T10:23:28.759Z  INFO 1 --- [main] com.structurizr.server.Local             :  - structurizr.cache: none
2026-06-16T10:23:28.759Z  INFO 1 --- [main] com.structurizr.server.Local             :  - structurizr.data: file
2026-06-16T10:23:28.759Z  INFO 1 --- [main] com.structurizr.server.Local             :  - structurizr.datadirectory: /usr/local/structurizr
2026-06-16T10:23:28.759Z  INFO 1 --- [main] com.structurizr.server.Local             :  - structurizr.debug: false
2026-06-16T10:23:28.759Z  INFO 1 --- [main] com.structurizr.server.Local             :  - structurizr.editable: true
2026-06-16T10:23:28.759Z  INFO 1 --- [main] com.structurizr.server.Local             :  - structurizr.logging.filename: /usr/local/structurizr/.structurizr/logs/structurizr.log
2026-06-16T10:23:28.760Z  INFO 1 --- [main] com.structurizr.server.Local             :  - structurizr.network.timeout: 60000
2026-06-16T10:23:28.760Z  INFO 1 --- [main] com.structurizr.server.Local             :  - structurizr.network.urls.allowed: .*
2026-06-16T10:23:28.760Z  INFO 1 --- [main] com.structurizr.server.Local             :  - structurizr.search: lucene
2026-06-16T10:23:28.760Z  INFO 1 --- [main] com.structurizr.server.Local             :  - structurizr.themes: /usr/local/structurizr/themes/
2026-06-16T10:23:28.760Z  INFO 1 --- [main] com.structurizr.server.Local             :  - structurizr.workspace.maxsize: 1MB
2026-06-16T10:23:28.760Z  INFO 1 --- [main] com.structurizr.server.Local             :  - structurizr.workspace.threads: 10
2026-06-16T10:23:28.760Z  INFO 1 --- [main] com.structurizr.server.Local             :  - structurizr.workspaces: 1
2026-06-16T10:23:28.760Z  INFO 1 --- [main] com.structurizr.server.Local             : ***********************************************************************************
2026-06-16T10:23:28.760Z  INFO 1 --- [main] com.structurizr.server.Local             : Themes:
2026-06-16T10:23:28.761Z  INFO 1 --- [main] com.structurizr.server.Local             : ***********************************************************************************
